<?xml version="1.0" encoding="UTF-8"?>
<testng-results ignored="0" total="2" passed="2" failed="0" skipped="0">
  <reporter-output>
  </reporter-output>
  <suite started-at="2023-08-13T02:19:02 WIB" name="Base Suite" finished-at="2023-08-13T02:19:42 WIB" duration-ms="39123">
    <groups>
      <group name="cucumber">
        <method signature="AbstractTestNGCucumberTests.runScenario(io.cucumber.testng.PickleWrapper, io.cucumber.testng.FeatureWrapper)[pri:0, instance:runners.Runner@7f9fcf7f]" name="runScenario" class="io.cucumber.testng.AbstractTestNGCucumberTests"/>
      </group> <!-- cucumber -->
    </groups>
    <test started-at="2023-08-13T02:19:02 WIB" name="All" finished-at="2023-08-13T02:19:42 WIB" duration-ms="39123">
      <class name="runners.Runner">
        <test-method is-config="true" signature="setUpClass()[pri:0, instance:runners.Runner@7f9fcf7f]" started-at="2023-08-13T02:19:02 WIB" name="setUpClass" finished-at="2023-08-13T02:19:03 WIB" duration-ms="236" status="PASS">
          <reporter-output>
          </reporter-output>
        </test-method> <!-- setUpClass -->
        <test-method is-config="true" signature="beforeClass(java.lang.String)[pri:0, instance:runners.Runner@7f9fcf7f]" started-at="2023-08-13T02:19:03 WIB" name="beforeClass" finished-at="2023-08-13T02:19:03 WIB" duration-ms="12" status="PASS">
          <params>
            <param index="0">
              <value>
                <![CDATA[chrome]]>
              </value>
            </param>
          </params>
          <reporter-output>
          </reporter-output>
        </test-method> <!-- beforeClass -->
        <test-method signature="runScenario(io.cucumber.testng.PickleWrapper, io.cucumber.testng.FeatureWrapper)[pri:0, instance:runners.Runner@7f9fcf7f]" started-at="2023-08-13T02:19:03 WIB" name="runScenario" description="Runs Cucumber Scenarios" data-provider="scenarios" finished-at="2023-08-13T02:19:14 WIB" duration-ms="10752" status="PASS">
          <params>
            <param index="0">
              <value>
                <![CDATA["Homepage - Success go to youtube shorts page"]]>
              </value>
            </param>
            <param index="1">
              <value>
                <![CDATA["Homepage"]]>
              </value>
            </param>
          </params>
          <reporter-output>
          </reporter-output>
        </test-method> <!-- runScenario -->
        <test-method signature="runScenario(io.cucumber.testng.PickleWrapper, io.cucumber.testng.FeatureWrapper)[pri:0, instance:runners.Runner@7f9fcf7f]" started-at="2023-08-13T02:19:14 WIB" name="runScenario" description="Runs Cucumber Scenarios" data-provider="scenarios" finished-at="2023-08-13T02:19:41 WIB" duration-ms="27643" status="PASS">
          <params>
            <param index="0">
              <value>
                <![CDATA["Search - Success search and play video"]]>
              </value>
            </param>
            <param index="1">
              <value>
                <![CDATA["Search"]]>
              </value>
            </param>
          </params>
          <reporter-output>
          </reporter-output>
        </test-method> <!-- runScenario -->
        <test-method is-config="true" signature="tearDownClass()[pri:0, instance:runners.Runner@7f9fcf7f]" started-at="2023-08-13T02:19:41 WIB" name="tearDownClass" finished-at="2023-08-13T02:19:42 WIB" duration-ms="216" status="PASS">
          <reporter-output>
          </reporter-output>
        </test-method> <!-- tearDownClass -->
      </class> <!-- runners.Runner -->
    </test> <!-- All -->
  </suite> <!-- Base Suite -->
</testng-results>
